<?xml version="1.0" encoding="UTF-8"?>
<testng-results ignored="0" total="2" passed="2" failed="0" skipped="0">
  <reporter-output>
  </reporter-output>
  <suite started-at="2026-03-07T19:39:20 IST" name="Suite" finished-at="2026-03-07T19:39:28 IST" duration-ms="7222">
    <groups>
    </groups>
    <test started-at="2026-03-07T19:39:20 IST" name="Test" finished-at="2026-03-07T19:39:28 IST" duration-ms="7222">
      <class name="base.MainClass">
        <test-method is-config="true" signature="init()[pri:0, instance:base.MainClass@4567f35d]" started-at="2026-03-07T19:39:20 IST" name="init" finished-at="2026-03-07T19:39:27 IST" duration-ms="6911" status="PASS">
          <reporter-output>
          </reporter-output>
        </test-method> <!-- init -->
        <test-method signature="testo()[pri:0, instance:base.MainClass@4567f35d]" started-at="2026-03-07T19:39:27 IST" name="testo" finished-at="2026-03-07T19:39:27 IST" duration-ms="12" status="PASS">
          <reporter-output>
          </reporter-output>
        </test-method> <!-- testo -->
        <test-method signature="testt()[pri:0, instance:base.MainClass@4567f35d]" started-at="2026-03-07T19:39:27 IST" name="testt" finished-at="2026-03-07T19:39:27 IST" duration-ms="3" status="PASS">
          <reporter-output>
          </reporter-output>
        </test-method> <!-- testt -->
        <test-method is-config="true" signature="tearDown()[pri:0, instance:base.MainClass@4567f35d]" started-at="2026-03-07T19:39:27 IST" name="tearDown" finished-at="2026-03-07T19:39:28 IST" duration-ms="223" status="PASS">
          <reporter-output>
          </reporter-output>
        </test-method> <!-- tearDown -->
      </class> <!-- base.MainClass -->
    </test> <!-- Test -->
  </suite> <!-- Suite -->
</testng-results>
